<?xml version="1.0" encoding="UTF-8"?>
<!-- Generated by org.testng.reporters.JUnitReportReporter -->
<testsuite hostname="LAPTOP-BPB34IKB" failures="0" tests="1" name="scraper.Scraper" time="113.641" errors="0" timestamp="2024-07-14T23:37:47 EDT" skipped="0">
  <testcase classname="scraper.Scraper" name="clickonReceipe" time="113.641"/>
</testsuite> <!-- scraper.Scraper -->
