<?xml version="1.0" encoding="UTF-8"?>
<!-- Generated by org.testng.reporters.JUnitReportReporter -->
<testsuite hostname="LAPTOP-BPB34IKB" failures="0" tests="1" name="scraper.RecipeScraper" time="275.203" errors="0" timestamp="2024-07-17T23:35:54 EDT" skipped="0">
  <testcase classname="scraper.RecipeScraper" name="scrapReceipe" time="275.203"/>
</testsuite> <!-- scraper.RecipeScraper -->
