<?xml version="1.0" encoding="UTF-8"?>
<!-- Generated by org.testng.reporters.JUnitReportReporter -->
<testsuite hostname="PUKKELLAS" failures="0" tests="1" name="scraper.ScraperTest_LtoO" time="38.565" errors="0" timestamp="2024-07-17T21:27:40 EDT" skipped="0">
  <testcase classname="scraper.ScraperTest_LtoO" name="scrapReceipe" time="38.565"/>
</testsuite> <!-- scraper.ScraperTest_LtoO -->
