<?xml version="1.0" encoding="UTF-8"?>
<!-- Generated by org.testng.reporters.JUnitReportReporter -->
<testsuite hostname="PUKKELLAS" failures="0" tests="1" name="scraper.ScraperTest_L" time="99.887" errors="0" timestamp="2024-07-17T02:22:56 EDT" skipped="0">
  <testcase classname="scraper.ScraperTest_L" name="clickonReceipe" time="99.887"/>
</testsuite> <!-- scraper.ScraperTest_L -->
