<?xml version="1.0" encoding="UTF-8"?>
<!-- Generated by org.testng.reporters.JUnitReportReporter -->
<testsuite hostname="LAPTOP-BPB34IKB" failures="0" tests="1" name="scraper.Scraper" time="9201.005" errors="0" timestamp="2024-07-17T16:50:58 EDT" skipped="0">
  <testcase classname="scraper.Scraper" name="clickonReceipe" time="9201.005"/>
</testsuite> <!-- scraper.Scraper -->
