<?xml version="1.0" encoding="UTF-8"?>
<!-- Generated by org.testng.reporters.JUnitReportReporter -->
<testsuite hostname="DESKTOP-25LN50V" failures="0" tests="1" name="scraper.ScraperTest" time="15.443" errors="0" timestamp="2024-07-12T17:25:28 IST" skipped="0">
  <testcase classname="scraper.ScraperTest" name="test2" time="15.443"/>
</testsuite> <!-- scraper.ScraperTest -->
