<?xml version="1.0" encoding="UTF-8"?>
<!-- Generated by org.testng.reporters.JUnitReportReporter -->
<testsuite hostname="PUKKELLAS" failures="0" tests="1" name="scraper.ScraperTest_L1" time="170.905" errors="0" timestamp="2024-07-13T00:03:02 EDT" skipped="0">
  <testcase classname="scraper.ScraperTest_L1" name="clickonReceipe" time="170.905"/>
</testsuite> <!-- scraper.ScraperTest_L1 -->
